[02-Aug-2023 09:28:28 UTC] PHP Fatal error:  Cannot declare class Parsedown, because the name is already in use in /data/wwwroot/wordpress/wp-content/themes/Sakurairo/inc/Parsedown.php on line 16
[02-Aug-2023 09:35:11 UTC] PHP Fatal error:  Cannot declare class Parsedown, because the name is already in use in /data/wwwroot/wordpress/wp-content/themes/Sakurairo/inc/Parsedown.php on line 16
[02-Aug-2023 09:36:02 UTC] PHP Fatal error:  Cannot declare class Parsedown, because the name is already in use in /data/wwwroot/wordpress/wp-content/themes/Sakurairo/inc/Parsedown.php on line 16
[02-Aug-2023 09:36:14 UTC] PHP Fatal error:  Cannot declare class Parsedown, because the name is already in use in /data/wwwroot/wordpress/wp-content/themes/Sakurairo/inc/Parsedown.php on line 16
[02-Aug-2023 09:36:24 UTC] PHP Fatal error:  Cannot declare class Parsedown, because the name is already in use in /data/wwwroot/wordpress/wp-content/themes/Sakurairo/inc/Parsedown.php on line 16
[02-Aug-2023 09:56:37 UTC] PHP Fatal error:  Cannot declare class Parsedown, because the name is already in use in /data/wwwroot/wordpress/wp-content/themes/Sakurairo/inc/Parsedown.php on line 16
[02-Aug-2023 09:56:50 UTC] PHP Fatal error:  Cannot declare class Parsedown, because the name is already in use in /data/wwwroot/wordpress/wp-content/themes/Sakurairo/inc/Parsedown.php on line 16
[02-Aug-2023 09:57:13 UTC] PHP Fatal error:  Cannot declare class Parsedown, because the name is already in use in /data/wwwroot/wordpress/wp-content/themes/Sakurairo/inc/Parsedown.php on line 16
[02-Aug-2023 09:57:28 UTC] PHP Fatal error:  Cannot declare class Parsedown, because the name is already in use in /data/wwwroot/wordpress/wp-content/themes/Sakurairo/inc/Parsedown.php on line 16
[02-Aug-2023 09:58:19 UTC] PHP Fatal error:  Cannot declare class Parsedown, because the name is already in use in /data/wwwroot/wordpress/wp-content/themes/Sakurairo/inc/Parsedown.php on line 16
[02-Aug-2023 09:58:20 UTC] PHP Fatal error:  Cannot declare class Parsedown, because the name is already in use in /data/wwwroot/wordpress/wp-content/themes/Sakurairo/inc/Parsedown.php on line 16
[07-Aug-2023 07:42:26 UTC] PHP Warning:  发生了预料之外的错误。WordPress.org或是此服务器的配置可能出了一些问题。如果您持续遇到困难，请试试<a href="https://cn.wordpress.org/support/forums/">支持论坛</a>。 （WordPress无法建立到WordPress.org的安全连接，请联系您的服务器管理员。） in /data/wwwroot/wordpress/wp-includes/update.php on line 209
[11-Aug-2023 01:14:53 UTC] PHP Fatal error:  Cannot declare class Parsedown, because the name is already in use in /data/wwwroot/wordpress/wp-content/themes/Sakurairo/inc/Parsedown.php on line 16
[25-Sep-2023 15:56:47 UTC] Cron 重新计划事件时出现错误，钩子名称：wp_privacy_delete_old_export_files，错误代码：could_not_set，错误消息：无法保存 Cron 事件列表。，数据：{"schedule":"hourly","args":[],"interval":3600}
[05-Oct-2023 04:50:19 UTC] PHP Warning:  count(): Parameter must be an array or an object that implements Countable in /data/wwwroot/wordpress/wp-includes/formatting.php on line 3501
[05-Oct-2023 04:51:03 UTC] PHP Warning:  count(): Parameter must be an array or an object that implements Countable in /data/wwwroot/wordpress/wp-includes/formatting.php on line 3501
[08-Oct-2023 07:12:01 UTC] PHP Deprecated:  Array and string offset access syntax with curly braces is deprecated in /data/wwwroot/wordpress/wp-content/plugins/wechat-social-login/add-ons/social-weibo/saetv2.ex.class.php on line 459
[08-Oct-2023 07:35:21 UTC] PHP Warning:  发生了预料之外的错误。WordPress.org或是此服务器的配置可能出了一些问题。如果您持续遇到困难，请试试<a href="https://cn.wordpress.org/support/forums/">支持论坛</a>。 （WordPress无法建立到WordPress.org的安全连接，请联系您的服务器管理员。） in /data/wwwroot/wordpress/wp-includes/update.php on line 449
[16-Oct-2023 08:01:38 UTC] PHP Warning:  发生了预料之外的错误。WordPress.org或是此服务器的配置可能出了一些问题。如果您持续遇到困难，请试试<a href="https://cn.wordpress.org/support/forums/">支持论坛</a>。 （WordPress无法建立到WordPress.org的安全连接，请联系您的服务器管理员。） in /data/wwwroot/wordpress/wp-admin/includes/update.php on line 154
[16-Oct-2023 08:01:40 UTC] PHP Warning:  发生了预料之外的错误。WordPress.org或是此服务器的配置可能出了一些问题。如果您持续遇到困难，请试试<a href="https://cn.wordpress.org/support/forums/">支持论坛</a>。 （WordPress无法建立到WordPress.org的安全连接，请联系您的服务器管理员。） in /data/wwwroot/wordpress/wp-includes/update.php on line 211
[16-Oct-2023 08:01:40 UTC] PHP Warning:  发生了预料之外的错误。WordPress.org或是此服务器的配置可能出了一些问题。如果您持续遇到困难，请试试<a href="https://cn.wordpress.org/support/forums/">支持论坛</a>。 （WordPress无法建立到WordPress.org的安全连接，请联系您的服务器管理员。） in /data/wwwroot/wordpress/wp-includes/update.php on line 449
[16-Oct-2023 08:01:40 UTC] PHP Warning:  发生了预料之外的错误。WordPress.org或是此服务器的配置可能出了一些问题。如果您持续遇到困难，请试试<a href="https://cn.wordpress.org/support/forums/">支持论坛</a>。 （WordPress无法建立到WordPress.org的安全连接，请联系您的服务器管理员。） in /data/wwwroot/wordpress/wp-includes/update.php on line 730
[23-Oct-2023 03:26:48 UTC] PHP Warning:  count(): Parameter must be an array or an object that implements Countable in /data/wwwroot/wordpress/wp-includes/formatting.php on line 3501
